#
# There is insufficient memory for the Java Runtime Environment to continue.
# Native memory allocation (mmap) failed to map 132120576 bytes for G1 virtual space
# Possible reasons:
#   The system is out of physical RAM or swap space
#   The process is running with CompressedOops enabled, and the Java Heap may be blocking the growth of the native heap
# Possible solutions:
#   Reduce memory load on the system
#   Increase physical memory or swap space
#   Check if swap backing store is full
#   Decrease Java heap size (-Xmx/-Xms)
#   Decrease number of Java threads
#   Decrease Java thread stack sizes (-Xss)
#   Set larger code cache with -XX:ReservedCodeCacheSize=
#   JVM is running with Unscaled Compressed Oops mode in which the Java heap is
#     placed in the first 4GB address space. The Java Heap base address is the
#     maximum limit for the native heap growth. Please use -XX:HeapBaseMinAddress
#     to set the Java Heap base and to place the Java Heap above 4GB virtual address.
# This output file may be truncated or incomplete.
#
#  Out of Memory Error (os_windows.cpp:3527), pid=36684, tid=7784
#
# JRE version:  (19.0.1+10) (build )
# Java VM: Java HotSpot(TM) 64-Bit Server VM (19.0.1+10-21, mixed mode, sharing, tiered, compressed oops, compressed class ptrs, g1 gc, windows-amd64)
# No core dump will be written. Minidumps are not enabled by default on client versions of Windows
#

---------------  S U M M A R Y ------------

Command Line: -Dfile.encoding=UTF-8 -Ddb2.jcc.charsetDecoderEncoder=3 com.ibm.db2.server.DssLauncher 3000 off c:\Users\ASUS\AppData\Roaming\Code\logs\20250617T221841\window1\exthost\IBM.db2forzosdeveloperextension -Xmx256M

Host: Intel(R) Core(TM) i5-10300H CPU @ 2.50GHz, 8 cores, 7G,  Windows 11 , 64 bit Build 22621 (10.0.22621.5262)
Time: Tue Jun 17 22:19:18 2025 SE Asia Standard Time elapsed time: 0.102652 seconds (0d 0h 0m 0s)

---------------  T H R E A D  ---------------

Current thread (0x000001c562e8df80):  JavaThread "Unknown thread" [_thread_in_vm, id=7784, stack(0x0000007d53300000,0x0000007d53400000)]

Stack: [0x0000007d53300000,0x0000007d53400000]
Native frames: (J=compiled Java code, j=interpreted, Vv=VM code, C=native code)
V  [jvm.dll+0x6ee8fa]
V  [jvm.dll+0x857a1e]
V  [jvm.dll+0x85940e]
V  [jvm.dll+0x859ac3]
V  [jvm.dll+0x28291f]
V  [jvm.dll+0x6eb6e9]
V  [jvm.dll+0x6e028a]
V  [jvm.dll+0x357136]
V  [jvm.dll+0x35eb96]
V  [jvm.dll+0x3b555e]
V  [jvm.dll+0x3b578f]
V  [jvm.dll+0x32c6ea]
V  [jvm.dll+0x32d59e]
V  [jvm.dll+0x821b20]
V  [jvm.dll+0x3c27c1]
V  [jvm.dll+0x8022f1]
V  [jvm.dll+0x44b30f]
V  [jvm.dll+0x44cc91]
C  [jli.dll+0x5287]
C  [ucrtbase.dll+0x29333]
C  [KERNEL32.DLL+0x1259d]
C  [ntdll.dll+0x5af58]


---------------  P R O C E S S  ---------------

Threads class SMR info:
_java_thread_list=0x00007fff2660d048, length=0, elements={
}

Java Threads: ( => current thread )

Other Threads:
  0x000001c562ef2d60 WorkerThread "GC Thread#0" [stack: 0x0000007d53400000,0x0000007d53500000] [id=24412]
  0x000001c562f036c0 ConcurrentGCThread "G1 Main Marker" [stack: 0x0000007d53500000,0x0000007d53600000] [id=32356]
  0x000001c562f05000 WorkerThread "G1 Conc#0" [stack: 0x0000007d53600000,0x0000007d53700000] [id=18440]

[error occurred during error reporting (printing all threads), id 0xc0000005, EXCEPTION_ACCESS_VIOLATION (0xc0000005) at pc=0x00007fff25dcd127]

VM state: not at safepoint (not fully initialized)

VM Mutex/Monitor currently owned by a thread:  ([mutex/lock_event])
[0x000001c562e8c2a0] Heap_lock - owner thread: 0x000001c562e8df80

Heap address: 0x0000000082800000, size: 2008 MB, Compressed Oops mode: 32-bit

CDS archive(s) mapped at: [0x0000000000000000-0x0000000000000000-0x0000000000000000), size 0, SharedBaseAddress: 0x0000000800000000, ArchiveRelocationMode: 0.
Narrow klass base: 0x0000000000000000, Narrow klass shift: 0, Narrow klass range: 0x0

GC Precious Log:
 CardTable entry size: 512
 Card Set container configuration: InlinePtr #cards 5 size 8 Array Of Cards #cards 12 size 40 Howl #buckets 4 coarsen threshold 1843 Howl Bitmap #cards 512 size 80 coarsen threshold 460 Card regions per heap region 1 cards per card region 2048

Heap:
 garbage-first heap   total 0K, used 0K [0x0000000082800000, 0x0000000100000000)
  region size 1024K, 0 young (0K), 0 survivors (0K)

[error occurred during error reporting (printing heap information), id 0xc0000005, EXCEPTION_ACCESS_VIOLATION (0xc0000005) at pc=0x00007fff261d6959]

GC Heap History (0 events):
No events

Dll operation events (1 events):
Event: 0.094 Loaded shared library C:\Program Files\Java\jdk-19\bin\java.dll

Deoptimization events (0 events):
No events

Classes loaded (0 events):
No events

Classes unloaded (0 events):
No events

Classes redefined (0 events):
No events

Internal exceptions (0 events):
No events

VM Operations (0 events):
No events

Events (0 events):
No events


Dynamic libraries:
0x00007ff6be690000 - 0x00007ff6be6a0000 	C:\Program Files\Java\jdk-19\bin\java.exe
0x00007ff8228d0000 - 0x00007ff822ae7000 	C:\WINDOWS\SYSTEM32\ntdll.dll
0x00007ff821e90000 - 0x00007ff821f54000 	C:\WINDOWS\System32\KERNEL32.DLL
0x00007ff81fc00000 - 0x00007ff81ffd3000 	C:\WINDOWS\System32\KERNELBASE.dll
0x00007ff81ffe0000 - 0x00007ff8200f1000 	C:\WINDOWS\System32\ucrtbase.dll
0x00007fffe5a40000 - 0x00007fffe5a58000 	C:\Program Files\Java\jdk-19\bin\jli.dll
0x00007ff8221f0000 - 0x00007ff8222a1000 	C:\WINDOWS\System32\ADVAPI32.dll
0x00007ff821790000 - 0x00007ff821837000 	C:\WINDOWS\System32\msvcrt.dll
0x00007ff821ca0000 - 0x00007ff821d47000 	C:\WINDOWS\System32\sechost.dll
0x00007ff81f9f0000 - 0x00007ff81fa18000 	C:\WINDOWS\System32\bcrypt.dll
0x00007ff821d50000 - 0x00007ff821e64000 	C:\WINDOWS\System32\RPCRT4.dll
0x00007ff820d10000 - 0x00007ff820ec1000 	C:\WINDOWS\System32\USER32.dll
0x00007ff81f9c0000 - 0x00007ff81f9e6000 	C:\WINDOWS\System32\win32u.dll
0x00007ff8223c0000 - 0x00007ff8223e9000 	C:\WINDOWS\System32\GDI32.dll
0x00007ff820180000 - 0x00007ff8202a2000 	C:\WINDOWS\System32\gdi32full.dll
0x00007ff81fb60000 - 0x00007ff81fbfa000 	C:\WINDOWS\System32\msvcp_win.dll
0x00007fffda8c0000 - 0x00007fffda8db000 	C:\Program Files\Java\jdk-19\bin\VCRUNTIME140.dll
0x00007ff80d930000 - 0x00007ff80dbcb000 	C:\WINDOWS\WinSxS\amd64_microsoft.windows.common-controls_6595b64144ccf1df_6.0.22621.5262_none_2712bde373830908\COMCTL32.dll
0x00007ff81bea0000 - 0x00007ff81beaa000 	C:\WINDOWS\SYSTEM32\VERSION.dll
0x00007ff8221b0000 - 0x00007ff8221e1000 	C:\WINDOWS\System32\IMM32.DLL
0x00007ff80d6d0000 - 0x00007ff80d6dc000 	C:\Program Files\Java\jdk-19\bin\vcruntime140_1.dll
0x00007fffbdc20000 - 0x00007fffbdcae000 	C:\Program Files\Java\jdk-19\bin\msvcp140.dll
0x00007fff25a90000 - 0x00007fff26750000 	C:\Program Files\Java\jdk-19\bin\server\jvm.dll
0x00007ff801420000 - 0x00007ff801429000 	C:\WINDOWS\SYSTEM32\WSOCK32.dll
0x00007ff822790000 - 0x00007ff822801000 	C:\WINDOWS\System32\WS2_32.dll
0x00007ff81b620000 - 0x00007ff81b654000 	C:\WINDOWS\SYSTEM32\WINMM.dll
0x00007ff81ea50000 - 0x00007ff81ea68000 	C:\WINDOWS\SYSTEM32\kernel.appcore.dll
0x00007ff80d6a0000 - 0x00007ff80d6aa000 	C:\Program Files\Java\jdk-19\bin\jimage.dll
0x00007ff81d370000 - 0x00007ff81d5a2000 	C:\WINDOWS\SYSTEM32\DBGHELP.DLL
0x00007ff8223f0000 - 0x00007ff822783000 	C:\WINDOWS\System32\combase.dll
0x00007ff8220d0000 - 0x00007ff8221a7000 	C:\WINDOWS\System32\OLEAUT32.dll
0x00007ff80ac20000 - 0x00007ff80ac52000 	C:\WINDOWS\SYSTEM32\dbgcore.DLL
0x00007ff820100000 - 0x00007ff82017b000 	C:\WINDOWS\System32\bcryptPrimitives.dll
0x00007fffbf9c0000 - 0x00007fffbf9e6000 	C:\Program Files\Java\jdk-19\bin\java.dll

dbghelp: loaded successfully - version: 4.0.5 - missing functions: none
symbol engine: initialized successfully - sym options: 0x614 - pdb path: .;C:\Program Files\Java\jdk-19\bin;C:\WINDOWS\SYSTEM32;C:\WINDOWS\WinSxS\amd64_microsoft.windows.common-controls_6595b64144ccf1df_6.0.22621.5262_none_2712bde373830908;C:\Program Files\Java\jdk-19\bin\server

VM Arguments:
jvm_args: -Dfile.encoding=UTF-8 -Ddb2.jcc.charsetDecoderEncoder=3 
java_command: com.ibm.db2.server.DssLauncher 3000 off c:\Users\ASUS\AppData\Roaming\Code\logs\20250617T221841\window1\exthost\IBM.db2forzosdeveloperextension -Xmx256M
java_class_path (initial): c:\Users\ASUS\.vscode\extensions\ibm.db2forzosdeveloperextension-2.2.2\dist\dss-dist-1-SNAPSHOT.jar;;c:\Users\ASUS\.vscode\extensions\ibm.db2forzosdeveloperextension-2.2.2\lib\db2jcc4.jar;c:\Users\ASUS\.vscode\extensions\ibm.db2forzosdeveloperextension-2.2.2\lib\sqlj4.zip
Launcher Type: SUN_STANDARD

[Global flags]
     intx CICompilerCount                          = 4                                         {product} {ergonomic}
     uint ConcGCThreads                            = 2                                         {product} {ergonomic}
     uint G1ConcRefinementThreads                  = 8                                         {product} {ergonomic}
   size_t G1HeapRegionSize                         = 1048576                                   {product} {ergonomic}
    uintx GCDrainStackTargetSize                   = 64                                        {product} {ergonomic}
   size_t InitialHeapSize                          = 132120576                                 {product} {ergonomic}
   size_t MarkStackSize                            = 4194304                                   {product} {ergonomic}
   size_t MaxHeapSize                              = 2105540608                                {product} {ergonomic}
   size_t MinHeapDeltaBytes                        = 1048576                                   {product} {ergonomic}
   size_t MinHeapSize                              = 8388608                                   {product} {ergonomic}
    uintx NonNMethodCodeHeapSize                   = 5839372                                {pd product} {ergonomic}
    uintx NonProfiledCodeHeapSize                  = 122909434                              {pd product} {ergonomic}
    uintx ProfiledCodeHeapSize                     = 122909434                              {pd product} {ergonomic}
    uintx ReservedCodeCacheSize                    = 251658240                              {pd product} {ergonomic}
     bool SegmentedCodeCache                       = true                                      {product} {ergonomic}
   size_t SoftMaxHeapSize                          = 2105540608                             {manageable} {ergonomic}
     bool UseCompressedClassPointers               = true                           {product lp64_product} {ergonomic}
     bool UseCompressedOops                        = true                           {product lp64_product} {ergonomic}
     bool UseG1GC                                  = true                                      {product} {ergonomic}
     bool UseLargePagesIndividualAllocation        = false                                  {pd product} {ergonomic}

Logging:
Log output configuration:
 #0: stdout all=warning uptime,level,tags foldmultilines=false
 #1: stderr all=off uptime,level,tags foldmultilines=false

Environment Variables:
PATH=C:\Program Files (x86)\Common Files\Intel\Shared Files\cpp\bin\Intel64;C:\Program Files (x86)\Common Files\Intel\Shared Libraries\redist\intel64\compiler;C:\Program Files\Common Files\Oracle\Java\javapath;C:\Program Files (x86)\Common Files\Oracle\Java\javapath;C:\Windows\system32;C:\Windows;C:\Windows\System32\Wbem;C:\Windows\System32\WindowsPowerShell\v1.0\;C:\Windows\System32\OpenSSH\;C:\Program Files (x86)\NVIDIA Corporation\PhysX\Common;C:\Program Files\NVIDIA Corporation\NVIDIA NvDLISR;C:\Program Files\Java\jdk-19;C:\MinGW\bin;C:\WINDOWS\system32;C:\WINDOWS;C:\WINDOWS\System32\Wbem;C:\WINDOWS\System32\WindowsPowerShell\v1.0\;C:\WINDOWS\System32\OpenSSH\;C:\xampp\php;C:\ProgramData\ComposerSetup\bin;C:\Program Files\nodejs\;C:\Program Files\Git\cmd;C:\Users\ASUS\AppData\Local\Programs\Python\Launcher\;D:\MySql\MySQL Shell 8.0\bin\;C:\Users\ASUS\AppData\Local\Microsoft\WindowsApps;C:\Users\ASUS\AppData\Local\Programs\Microsoft VS Code\bin;C:\Users\ASUS\AppData\Roaming\Composer\vendor\bin;C:\Users\ASUS\AppData\Local\Microsoft\WinGet\Packages\Schniz.fnm_Microsoft.Winget.Source_8wekyb3d8bbwe;C:\Users\ASUS\AppData\Roaming\npm;D:\cursor\resources\app\bin
USERNAME=ASUS
OS=Windows_NT
PROCESSOR_IDENTIFIER=Intel64 Family 6 Model 165 Stepping 2, GenuineIntel
TMP=C:\Users\ASUS\AppData\Local\Temp
TEMP=C:\Users\ASUS\AppData\Local\Temp



---------------  S Y S T E M  ---------------

OS:
 Windows 11 , 64 bit Build 22621 (10.0.22621.5262)
OS uptime: 14 days 18:59 hours
Hyper-V role detected

CPU: total 8 (initial active 8) (4 cores per cpu, 2 threads per core) family 6 model 165 stepping 2 microcode 0xe0, cx8, cmov, fxsr, ht, mmx, 3dnowpref, sse, sse2, sse3, ssse3, sse4.1, sse4.2, popcnt, lzcnt, tsc, tscinvbit, avx, avx2, aes, erms, clmul, bmi1, bmi2, adx, fma, vzeroupper, clflush, clflushopt, hv, rdtscp

Memory: 4k page, system-wide physical 8029M (346M free)
TotalPageFile size 19175M (AvailPageFile size 140M)
current process WorkingSet (physical memory assigned to process): 11M, peak: 11M
current process commit charge ("private bytes"): 60M, peak: 186M

vm_info: Java HotSpot(TM) 64-Bit Server VM (19.0.1+10-21) for windows-amd64 JRE (19.0.1+10-21), built on 2022-09-14T12:45:06Z by "mach5one" with MS VC++ 17.1 (VS2022)

END.
